#-----------------------------------------------------------
# Vivado v2019.2 (64-bit)
# SW Build 2708876 on Wed Nov  6 21:40:23 MST 2019
# IP Build 2700528 on Thu Nov  7 00:09:20 MST 2019
# Start of session at: Thu Dec 16 12:43:09 2021
# Process ID: 2788
# Current directory: C:/Users/83462/Desktop/CPU_start_from_0/Projects/CPU_START_FROM_0
# Command line: vivado.exe -gui_launcher_event rodinguilauncherevent8856 C:\Users\83462\Desktop\CPU_start_from_0\Projects\CPU_START_FROM_0\CPU_START_FROM_0.xpr
# Log file: C:/Users/83462/Desktop/CPU_start_from_0/Projects/CPU_START_FROM_0/vivado.log
# Journal file: C:/Users/83462/Desktop/CPU_start_from_0/Projects/CPU_START_FROM_0\vivado.jou
#-----------------------------------------------------------
start_gui
open_project C:/Users/83462/Desktop/CPU_start_from_0/Projects/CPU_START_FROM_0/CPU_START_FROM_0.xpr
Scanning sources...
Finished scanning sources
INFO: [IP_Flow 19-234] Refreshing IP repositories
INFO: [IP_Flow 19-1704] No user IP repositories specified
INFO: [IP_Flow 19-2313] Loaded Vivado IP repository 'D:/XILINX/Vivado/2019.2/data/ip'.
open_project: Time (s): cpu = 00:00:16 ; elapsed = 00:00:07 . Memory (MB): peak = 890.520 ; gain = 203.887
update_compile_order -fileset sources_1
